[2025-11-25 14:49:26] INFO: Connected to MQTT broker at 192.168.1.110:1883
[2025-11-25 14:49:26] INFO: Modbus server started on port 1800
[2025-11-25 14:49:29] INFO: Message validated successfully - CRC check passed
[2025-11-25 14:49:29] INFO: Successfully parsed message data
[2025-11-25 14:49:29] INFO: Data published successfully to MQTT
[2025-11-25 14:49:39] INFO: Message validated successfully - CRC check passed
[2025-11-25 14:49:39] INFO: Successfully parsed message data
[2025-11-25 14:49:39] INFO: Data published successfully to MQTT
[2025-11-25 14:49:49] INFO: Message validated successfully - CRC check passed
[2025-11-25 14:49:49] INFO: Successfully parsed message data
[2025-11-25 14:49:49] INFO: Data published successfully to MQTT
[2025-11-25 14:49:59] INFO: Message validated successfully - CRC check passed
[2025-11-25 14:49:59] INFO: Successfully parsed message data
[2025-11-25 14:49:59] INFO: Data published successfully to MQTT
[2025-11-25 14:50:09] INFO: Message validated successfully - CRC check passed
[2025-11-25 14:50:09] INFO: Successfully parsed message data
[2025-11-25 14:50:10] INFO: Data published successfully to MQTT
[2025-11-25 14:50:19] INFO: Message validated successfully - CRC check passed
[2025-11-25 14:50:19] INFO: Successfully parsed message data
[2025-11-25 14:50:19] INFO: Data published successfully to MQTT
[2025-11-25 14:50:29] INFO: Message validated successfully - CRC check passed
[2025-11-25 14:50:29] INFO: Successfully parsed message data
[2025-11-25 14:50:29] INFO: Data published successfully to MQTT
[2025-11-25 14:50:39] INFO: Message validated successfully - CRC check passed
[2025-11-25 14:50:39] INFO: Successfully parsed message data
[2025-11-25 14:50:39] INFO: Data published successfully to MQTT
[2025-11-25 14:50:49] INFO: Message validated successfully - CRC check passed
[2025-11-25 14:50:49] INFO: Successfully parsed message data
[2025-11-25 14:50:49] INFO: Data published successfully to MQTT
[2025-11-25 14:50:59] INFO: Message validated successfully - CRC check passed
[2025-11-25 14:50:59] INFO: Successfully parsed message data
[2025-11-25 14:50:59] INFO: Data published successfully to MQTT
[2025-11-25 14:51:09] INFO: Message validated successfully - CRC check passed
[2025-11-25 14:51:09] INFO: Successfully parsed message data
[2025-11-25 14:51:10] INFO: Data published successfully to MQTT
[2025-11-25 14:51:19] INFO: Message validated successfully - CRC check passed
[2025-11-25 14:51:19] INFO: Successfully parsed message data
[2025-11-25 14:51:19] INFO: Data published successfully to MQTT
[2025-11-25 14:51:29] INFO: Message validated successfully - CRC check passed
[2025-11-25 14:51:29] INFO: Successfully parsed message data
[2025-11-25 14:51:29] INFO: Data published successfully to MQTT
[2025-11-25 14:51:39] INFO: Message validated successfully - CRC check passed
[2025-11-25 14:51:39] INFO: Successfully parsed message data
[2025-11-25 14:51:39] INFO: Data published successfully to MQTT
[2025-11-25 14:51:49] INFO: Message validated successfully - CRC check passed
[2025-11-25 14:51:49] INFO: Successfully parsed message data
[2025-11-25 14:51:49] INFO: Data published successfully to MQTT
[2025-11-25 14:51:59] INFO: Message validated successfully - CRC check passed
[2025-11-25 14:51:59] INFO: Successfully parsed message data
[2025-11-25 14:51:59] INFO: Data published successfully to MQTT
[2025-11-25 14:52:09] INFO: Message validated successfully - CRC check passed
[2025-11-25 14:52:09] INFO: Successfully parsed message data
[2025-11-25 14:52:10] INFO: Data published successfully to MQTT
[2025-11-25 14:52:19] INFO: Message validated successfully - CRC check passed
[2025-11-25 14:52:19] INFO: Successfully parsed message data
[2025-11-25 14:52:19] INFO: Data published successfully to MQTT
[2025-11-25 14:52:29] INFO: Message validated successfully - CRC check passed
[2025-11-25 14:52:29] INFO: Successfully parsed message data
[2025-11-25 14:52:29] INFO: Data published successfully to MQTT
[2025-11-25 14:52:39] INFO: Message validated successfully - CRC check passed
[2025-11-25 14:52:39] INFO: Successfully parsed message data
[2025-11-25 14:52:39] INFO: Data published successfully to MQTT
[2025-11-25 14:52:49] INFO: Message validated successfully - CRC check passed
[2025-11-25 14:52:49] INFO: Successfully parsed message data
[2025-11-25 14:52:49] INFO: Data published successfully to MQTT
[2025-11-25 14:52:59] INFO: Message validated successfully - CRC check passed
[2025-11-25 14:52:59] INFO: Successfully parsed message data
[2025-11-25 14:53:00] INFO: Data published successfully to MQTT
[2025-11-25 14:53:09] INFO: Message validated successfully - CRC check passed
[2025-11-25 14:53:09] INFO: Successfully parsed message data
[2025-11-25 14:53:10] INFO: Data published successfully to MQTT
[2025-11-25 14:53:19] INFO: Message validated successfully - CRC check passed
[2025-11-25 14:53:19] INFO: Successfully parsed message data
[2025-11-25 14:53:19] INFO: Data published successfully to MQTT
[2025-11-25 14:53:29] INFO: Message validated successfully - CRC check passed
[2025-11-25 14:53:29] INFO: Successfully parsed message data
[2025-11-25 14:53:29] INFO: Data published successfully to MQTT
[2025-11-25 14:53:39] INFO: Message validated successfully - CRC check passed
[2025-11-25 14:53:39] INFO: Successfully parsed message data
[2025-11-25 14:53:39] INFO: Data published successfully to MQTT
[2025-11-25 14:53:49] INFO: Message validated successfully - CRC check passed
[2025-11-25 14:53:49] INFO: Successfully parsed message data
[2025-11-25 14:53:49] INFO: Data published successfully to MQTT
[2025-11-25 14:53:59] INFO: Message validated successfully - CRC check passed
[2025-11-25 14:53:59] INFO: Successfully parsed message data
[2025-11-25 14:54:00] INFO: Data published successfully to MQTT
[2025-11-25 14:54:09] INFO: Message validated successfully - CRC check passed
[2025-11-25 14:54:09] INFO: Successfully parsed message data
[2025-11-25 14:54:10] INFO: Data published successfully to MQTT
[2025-11-25 14:54:19] INFO: Message validated successfully - CRC check passed
[2025-11-25 14:54:19] INFO: Successfully parsed message data
[2025-11-25 14:54:19] INFO: Data published successfully to MQTT
[2025-11-25 14:54:29] INFO: Message validated successfully - CRC check passed
[2025-11-25 14:54:29] INFO: Successfully parsed message data
[2025-11-25 14:54:29] INFO: Data published successfully to MQTT
[2025-11-25 14:54:39] INFO: Message validated successfully - CRC check passed
[2025-11-25 14:54:39] INFO: Successfully parsed message data
[2025-11-25 14:54:39] INFO: Data published successfully to MQTT
[2025-11-25 14:54:49] INFO: Message validated successfully - CRC check passed
[2025-11-25 14:54:49] INFO: Successfully parsed message data
[2025-11-25 14:54:49] INFO: Data published successfully to MQTT
[2025-11-25 14:54:59] INFO: Message validated successfully - CRC check passed
[2025-11-25 14:54:59] INFO: Successfully parsed message data
[2025-11-25 14:54:59] INFO: Data published successfully to MQTT
[2025-11-25 14:55:09] INFO: Message validated successfully - CRC check passed
[2025-11-25 14:55:09] INFO: Successfully parsed message data
[2025-11-25 14:55:10] INFO: Data published successfully to MQTT
[2025-11-25 14:55:19] INFO: Message validated successfully - CRC check passed
[2025-11-25 14:55:19] INFO: Successfully parsed message data
[2025-11-25 14:55:19] INFO: Data published successfully to MQTT
[2025-11-25 14:55:29] INFO: Message validated successfully - CRC check passed
[2025-11-25 14:55:29] INFO: Successfully parsed message data
[2025-11-25 14:55:29] INFO: Data published successfully to MQTT
[2025-11-25 14:55:39] INFO: Message validated successfully - CRC check passed
[2025-11-25 14:55:39] INFO: Successfully parsed message data
[2025-11-25 14:55:39] INFO: Data published successfully to MQTT
[2025-11-25 14:55:49] INFO: Message validated successfully - CRC check passed
[2025-11-25 14:55:49] INFO: Successfully parsed message data
[2025-11-25 14:55:49] INFO: Data published successfully to MQTT
[2025-11-25 14:55:59] INFO: Message validated successfully - CRC check passed
[2025-11-25 14:55:59] INFO: Successfully parsed message data
[2025-11-25 14:56:00] INFO: Data published successfully to MQTT
[2025-11-25 14:56:09] INFO: Message validated successfully - CRC check passed
[2025-11-25 14:56:09] INFO: Successfully parsed message data
[2025-11-25 14:56:10] INFO: Data published successfully to MQTT
[2025-11-25 14:56:19] INFO: Message validated successfully - CRC check passed
[2025-11-25 14:56:19] INFO: Successfully parsed message data
[2025-11-25 14:56:20] INFO: Data published successfully to MQTT
[2025-11-25 14:56:29] INFO: Message validated successfully - CRC check passed
[2025-11-25 14:56:29] INFO: Successfully parsed message data
[2025-11-25 14:56:29] INFO: Data published successfully to MQTT
[2025-11-25 14:56:39] INFO: Message validated successfully - CRC check passed
[2025-11-25 14:56:39] INFO: Successfully parsed message data
[2025-11-25 14:56:39] INFO: Data published successfully to MQTT
[2025-11-25 14:56:49] INFO: Message validated successfully - CRC check passed
[2025-11-25 14:56:49] INFO: Successfully parsed message data
[2025-11-25 14:56:50] INFO: Data published successfully to MQTT
[2025-11-25 14:56:59] INFO: Message validated successfully - CRC check passed
[2025-11-25 14:56:59] INFO: Successfully parsed message data
[2025-11-25 14:56:59] INFO: Data published successfully to MQTT
[2025-11-25 14:57:09] INFO: Message validated successfully - CRC check passed
[2025-11-25 14:57:09] INFO: Successfully parsed message data
[2025-11-25 14:57:10] INFO: Data published successfully to MQTT
[2025-11-25 14:57:19] INFO: Message validated successfully - CRC check passed
[2025-11-25 14:57:19] INFO: Successfully parsed message data
[2025-11-25 14:57:19] INFO: Data published successfully to MQTT
[2025-11-25 14:57:29] INFO: Message validated successfully - CRC check passed
[2025-11-25 14:57:29] INFO: Successfully parsed message data
[2025-11-25 14:57:30] INFO: Data published successfully to MQTT
[2025-11-25 14:57:39] INFO: Message validated successfully - CRC check passed
[2025-11-25 14:57:39] INFO: Successfully parsed message data
[2025-11-25 14:57:39] INFO: Data published successfully to MQTT
[2025-11-25 14:57:49] INFO: Message validated successfully - CRC check passed
[2025-11-25 14:57:49] INFO: Successfully parsed message data
[2025-11-25 14:57:49] INFO: Data published successfully to MQTT
[2025-11-25 14:57:59] INFO: Message validated successfully - CRC check passed
[2025-11-25 14:57:59] INFO: Successfully parsed message data
[2025-11-25 14:57:59] INFO: Data published successfully to MQTT
[2025-11-25 14:58:09] INFO: Message validated successfully - CRC check passed
[2025-11-25 14:58:09] INFO: Successfully parsed message data
[2025-11-25 14:58:10] INFO: Data published successfully to MQTT
[2025-11-25 14:58:19] INFO: Message validated successfully - CRC check passed
[2025-11-25 14:58:19] INFO: Successfully parsed message data
[2025-11-25 14:58:19] INFO: Data published successfully to MQTT
[2025-11-25 14:58:29] INFO: Message validated successfully - CRC check passed
[2025-11-25 14:58:29] INFO: Successfully parsed message data
[2025-11-25 14:58:30] INFO: Data published successfully to MQTT
[2025-11-25 14:58:39] INFO: Message validated successfully - CRC check passed
[2025-11-25 14:58:39] INFO: Successfully parsed message data
[2025-11-25 14:58:39] INFO: Data published successfully to MQTT
[2025-11-25 14:58:49] INFO: Message validated successfully - CRC check passed
[2025-11-25 14:58:49] INFO: Successfully parsed message data
[2025-11-25 14:58:49] INFO: Data published successfully to MQTT
[2025-11-25 14:58:59] INFO: Message validated successfully - CRC check passed
[2025-11-25 14:58:59] INFO: Successfully parsed message data
[2025-11-25 14:58:59] INFO: Data published successfully to MQTT
[2025-11-25 14:59:09] INFO: Message validated successfully - CRC check passed
[2025-11-25 14:59:09] INFO: Successfully parsed message data
[2025-11-25 14:59:10] INFO: Data published successfully to MQTT
[2025-11-25 14:59:19] INFO: Message validated successfully - CRC check passed
[2025-11-25 14:59:19] INFO: Successfully parsed message data
[2025-11-25 14:59:19] INFO: Data published successfully to MQTT
[2025-11-25 14:59:29] INFO: Message validated successfully - CRC check passed
[2025-11-25 14:59:29] INFO: Successfully parsed message data
[2025-11-25 14:59:30] INFO: Data published successfully to MQTT
[2025-11-25 14:59:39] INFO: Message validated successfully - CRC check passed
[2025-11-25 14:59:39] INFO: Successfully parsed message data
[2025-11-25 14:59:40] INFO: Data published successfully to MQTT
[2025-11-25 14:59:49] INFO: Message validated successfully - CRC check passed
[2025-11-25 14:59:49] INFO: Successfully parsed message data
[2025-11-25 14:59:49] INFO: Data published successfully to MQTT
[2025-11-25 14:59:59] INFO: Message validated successfully - CRC check passed
[2025-11-25 14:59:59] INFO: Successfully parsed message data
[2025-11-25 14:59:59] INFO: Data published successfully to MQTT
[2025-11-25 15:00:09] INFO: Message validated successfully - CRC check passed
[2025-11-25 15:00:09] INFO: Successfully parsed message data
[2025-11-25 15:00:10] INFO: Data published successfully to MQTT
[2025-11-25 15:00:19] INFO: Message validated successfully - CRC check passed
[2025-11-25 15:00:19] INFO: Successfully parsed message data
[2025-11-25 15:00:19] INFO: Data published successfully to MQTT
[2025-11-25 15:00:29] INFO: Message validated successfully - CRC check passed
[2025-11-25 15:00:29] INFO: Successfully parsed message data
[2025-11-25 15:00:29] INFO: Data published successfully to MQTT
[2025-11-25 15:00:39] INFO: Message validated successfully - CRC check passed
[2025-11-25 15:00:39] INFO: Successfully parsed message data
[2025-11-25 15:00:39] INFO: Data published successfully to MQTT
[2025-11-25 15:00:49] INFO: Message validated successfully - CRC check passed
[2025-11-25 15:00:49] INFO: Successfully parsed message data
[2025-11-25 15:00:50] INFO: Data published successfully to MQTT
[2025-11-25 15:00:59] INFO: Message validated successfully - CRC check passed
[2025-11-25 15:00:59] INFO: Successfully parsed message data
[2025-11-25 15:00:59] INFO: Data published successfully to MQTT
[2025-11-25 15:01:09] INFO: Message validated successfully - CRC check passed
[2025-11-25 15:01:09] INFO: Successfully parsed message data
[2025-11-25 15:01:10] INFO: Data published successfully to MQTT
[2025-11-25 15:01:19] INFO: Message validated successfully - CRC check passed
[2025-11-25 15:01:19] INFO: Successfully parsed message data
[2025-11-25 15:01:19] INFO: Data published successfully to MQTT
[2025-11-25 15:01:29] INFO: Message validated successfully - CRC check passed
[2025-11-25 15:01:29] INFO: Successfully parsed message data
[2025-11-25 15:01:29] INFO: Data published successfully to MQTT
[2025-11-25 15:01:39] INFO: Message validated successfully - CRC check passed
[2025-11-25 15:01:39] INFO: Successfully parsed message data
[2025-11-25 15:01:39] INFO: Data published successfully to MQTT
[2025-11-25 15:01:49] INFO: Message validated successfully - CRC check passed
[2025-11-25 15:01:49] INFO: Successfully parsed message data
[2025-11-25 15:01:50] INFO: Data published successfully to MQTT
[2025-11-25 15:01:59] INFO: Message validated successfully - CRC check passed
[2025-11-25 15:01:59] INFO: Successfully parsed message data
[2025-11-25 15:02:00] INFO: Data published successfully to MQTT
[2025-11-25 15:02:09] INFO: Message validated successfully - CRC check passed
[2025-11-25 15:02:09] INFO: Successfully parsed message data
[2025-11-25 15:02:10] INFO: Data published successfully to MQTT
[2025-11-25 15:02:19] INFO: Message validated successfully - CRC check passed
[2025-11-25 15:02:19] INFO: Successfully parsed message data
[2025-11-25 15:02:19] INFO: Data published successfully to MQTT
[2025-11-25 15:02:29] INFO: Message validated successfully - CRC check passed
[2025-11-25 15:02:29] INFO: Successfully parsed message data
[2025-11-25 15:02:29] INFO: Data published successfully to MQTT
[2025-11-25 15:02:39] INFO: Message validated successfully - CRC check passed
[2025-11-25 15:02:39] INFO: Successfully parsed message data
[2025-11-25 15:02:39] INFO: Data published successfully to MQTT
[2025-11-25 15:02:49] INFO: Message validated successfully - CRC check passed
[2025-11-25 15:02:49] INFO: Successfully parsed message data
[2025-11-25 15:02:49] INFO: Data published successfully to MQTT
[2025-11-25 15:02:59] INFO: Message validated successfully - CRC check passed
[2025-11-25 15:02:59] INFO: Successfully parsed message data
[2025-11-25 15:02:59] INFO: Data published successfully to MQTT
[2025-11-25 15:03:09] INFO: Message validated successfully - CRC check passed
[2025-11-25 15:03:09] INFO: Successfully parsed message data
[2025-11-25 15:03:10] INFO: Data published successfully to MQTT
[2025-11-25 15:03:19] INFO: Message validated successfully - CRC check passed
[2025-11-25 15:03:19] INFO: Successfully parsed message data
[2025-11-25 15:03:19] INFO: Data published successfully to MQTT
[2025-11-25 15:03:29] INFO: Message validated successfully - CRC check passed
[2025-11-25 15:03:29] INFO: Successfully parsed message data
[2025-11-25 15:03:29] INFO: Data published successfully to MQTT
[2025-11-25 15:03:39] INFO: Message validated successfully - CRC check passed
[2025-11-25 15:03:39] INFO: Successfully parsed message data
[2025-11-25 15:03:40] INFO: Data published successfully to MQTT
[2025-11-25 15:03:49] INFO: Message validated successfully - CRC check passed
[2025-11-25 15:03:49] INFO: Successfully parsed message data
[2025-11-25 15:03:49] INFO: Data published successfully to MQTT
[2025-11-25 15:03:59] INFO: Message validated successfully - CRC check passed
[2025-11-25 15:03:59] INFO: Successfully parsed message data
[2025-11-25 15:03:59] INFO: Data published successfully to MQTT
[2025-11-25 15:04:09] INFO: Message validated successfully - CRC check passed
[2025-11-25 15:04:09] INFO: Successfully parsed message data
[2025-11-25 15:04:10] INFO: Data published successfully to MQTT
[2025-11-25 15:04:19] INFO: Message validated successfully - CRC check passed
[2025-11-25 15:04:19] INFO: Successfully parsed message data
[2025-11-25 15:04:20] INFO: Data published successfully to MQTT
[2025-11-25 15:04:29] INFO: Message validated successfully - CRC check passed
[2025-11-25 15:04:29] INFO: Successfully parsed message data
[2025-11-25 15:04:29] INFO: Data published successfully to MQTT
[2025-11-25 15:04:39] INFO: Message validated successfully - CRC check passed
[2025-11-25 15:04:39] INFO: Successfully parsed message data
[2025-11-25 15:04:39] INFO: Data published successfully to MQTT
[2025-11-25 15:04:49] INFO: Message validated successfully - CRC check passed
[2025-11-25 15:04:49] INFO: Successfully parsed message data
[2025-11-25 15:04:49] INFO: Data published successfully to MQTT
[2025-11-25 15:04:59] INFO: Message validated successfully - CRC check passed
[2025-11-25 15:04:59] INFO: Successfully parsed message data
[2025-11-25 15:04:59] INFO: Data published successfully to MQTT
[2025-11-25 15:05:09] INFO: Message validated successfully - CRC check passed
[2025-11-25 15:05:09] INFO: Successfully parsed message data
[2025-11-25 15:05:10] INFO: Data published successfully to MQTT
[2025-11-25 15:05:19] INFO: Message validated successfully - CRC check passed
[2025-11-25 15:05:19] INFO: Successfully parsed message data
[2025-11-25 15:05:19] INFO: Data published successfully to MQTT
[2025-11-25 15:05:29] INFO: Message validated successfully - CRC check passed
[2025-11-25 15:05:29] INFO: Successfully parsed message data
[2025-11-25 15:05:29] INFO: Data published successfully to MQTT
[2025-11-25 15:05:39] INFO: Message validated successfully - CRC check passed
[2025-11-25 15:05:39] INFO: Successfully parsed message data
[2025-11-25 15:05:40] INFO: Data published successfully to MQTT
[2025-11-25 15:05:49] INFO: Message validated successfully - CRC check passed
[2025-11-25 15:05:49] INFO: Successfully parsed message data
[2025-11-25 15:05:49] INFO: Data published successfully to MQTT
[2025-11-25 15:05:59] INFO: Message validated successfully - CRC check passed
[2025-11-25 15:05:59] INFO: Successfully parsed message data
[2025-11-25 15:06:00] INFO: Data published successfully to MQTT
[2025-11-25 15:06:09] INFO: Message validated successfully - CRC check passed
[2025-11-25 15:06:09] INFO: Successfully parsed message data
[2025-11-25 15:06:10] INFO: Data published successfully to MQTT
[2025-11-25 15:06:19] INFO: Message validated successfully - CRC check passed
[2025-11-25 15:06:19] INFO: Successfully parsed message data
[2025-11-25 15:06:19] INFO: Data published successfully to MQTT
[2025-11-25 15:06:29] INFO: Message validated successfully - CRC check passed
[2025-11-25 15:06:29] INFO: Successfully parsed message data
[2025-11-25 15:06:29] INFO: Data published successfully to MQTT
[2025-11-25 15:06:39] INFO: Message validated successfully - CRC check passed
[2025-11-25 15:06:39] INFO: Successfully parsed message data
[2025-11-25 15:06:40] INFO: Data published successfully to MQTT
[2025-11-25 15:06:49] INFO: Message validated successfully - CRC check passed
[2025-11-25 15:06:49] INFO: Successfully parsed message data
[2025-11-25 15:06:49] INFO: Data published successfully to MQTT
[2025-11-25 15:06:59] INFO: Message validated successfully - CRC check passed
[2025-11-25 15:06:59] INFO: Successfully parsed message data
[2025-11-25 15:06:59] INFO: Data published successfully to MQTT
[2025-11-25 15:07:09] INFO: Message validated successfully - CRC check passed
[2025-11-25 15:07:09] INFO: Successfully parsed message data
[2025-11-25 15:07:09] INFO: Data published successfully to MQTT
[2025-11-25 15:07:19] INFO: Message validated successfully - CRC check passed
[2025-11-25 15:07:19] INFO: Successfully parsed message data
[2025-11-25 15:07:19] INFO: Data published successfully to MQTT
[2025-11-25 15:07:29] INFO: Message validated successfully - CRC check passed
[2025-11-25 15:07:29] INFO: Successfully parsed message data
[2025-11-25 15:07:29] INFO: Data published successfully to MQTT
[2025-11-25 15:07:39] INFO: Message validated successfully - CRC check passed
[2025-11-25 15:07:39] INFO: Successfully parsed message data
[2025-11-25 15:07:39] INFO: Data published successfully to MQTT
[2025-11-25 15:07:49] INFO: Message validated successfully - CRC check passed
[2025-11-25 15:07:49] INFO: Successfully parsed message data
[2025-11-25 15:07:50] INFO: Data published successfully to MQTT
[2025-11-25 15:07:59] INFO: Message validated successfully - CRC check passed
[2025-11-25 15:07:59] INFO: Successfully parsed message data
[2025-11-25 15:07:59] INFO: Data published successfully to MQTT
[2025-11-25 15:08:09] INFO: Message validated successfully - CRC check passed
[2025-11-25 15:08:09] INFO: Successfully parsed message data
[2025-11-25 15:08:10] INFO: Data published successfully to MQTT
[2025-11-25 15:08:19] INFO: Message validated successfully - CRC check passed
[2025-11-25 15:08:19] INFO: Successfully parsed message data
[2025-11-25 15:08:19] INFO: Data published successfully to MQTT
[2025-11-25 15:08:29] INFO: Message validated successfully - CRC check passed
[2025-11-25 15:08:29] INFO: Successfully parsed message data
[2025-11-25 15:08:29] INFO: Data published successfully to MQTT
[2025-11-25 15:08:39] INFO: Message validated successfully - CRC check passed
[2025-11-25 15:08:39] INFO: Successfully parsed message data
[2025-11-25 15:08:39] INFO: Data published successfully to MQTT
[2025-11-25 15:08:49] INFO: Message validated successfully - CRC check passed
[2025-11-25 15:08:49] INFO: Successfully parsed message data
[2025-11-25 15:08:49] INFO: Data published successfully to MQTT
[2025-11-25 15:08:59] INFO: Message validated successfully - CRC check passed
[2025-11-25 15:08:59] INFO: Successfully parsed message data
[2025-11-25 15:08:59] INFO: Data published successfully to MQTT
[2025-11-25 15:09:09] INFO: Message validated successfully - CRC check passed
[2025-11-25 15:09:09] INFO: Successfully parsed message data
[2025-11-25 15:09:10] INFO: Data published successfully to MQTT
[2025-11-25 15:09:19] INFO: Message validated successfully - CRC check passed
[2025-11-25 15:09:19] INFO: Successfully parsed message data
[2025-11-25 15:09:19] INFO: Data published successfully to MQTT
[2025-11-25 15:09:29] INFO: Message validated successfully - CRC check passed
[2025-11-25 15:09:29] INFO: Successfully parsed message data
[2025-11-25 15:09:29] INFO: Data published successfully to MQTT
[2025-11-25 15:09:39] INFO: Message validated successfully - CRC check passed
[2025-11-25 15:09:39] INFO: Successfully parsed message data
[2025-11-25 15:09:40] INFO: Data published successfully to MQTT
[2025-11-25 15:09:49] INFO: Message validated successfully - CRC check passed
[2025-11-25 15:09:49] INFO: Successfully parsed message data
[2025-11-25 15:09:49] INFO: Data published successfully to MQTT
[2025-11-25 15:09:59] INFO: Message validated successfully - CRC check passed
[2025-11-25 15:09:59] INFO: Successfully parsed message data
[2025-11-25 15:09:59] INFO: Data published successfully to MQTT
[2025-11-25 15:10:09] INFO: Message validated successfully - CRC check passed
[2025-11-25 15:10:09] INFO: Successfully parsed message data
[2025-11-25 15:10:10] INFO: Data published successfully to MQTT
[2025-11-25 15:10:19] INFO: Message validated successfully - CRC check passed
[2025-11-25 15:10:19] INFO: Successfully parsed message data
[2025-11-25 15:10:19] INFO: Data published successfully to MQTT
[2025-11-25 15:10:29] INFO: Message validated successfully - CRC check passed
[2025-11-25 15:10:29] INFO: Successfully parsed message data
[2025-11-25 15:10:29] INFO: Data published successfully to MQTT
[2025-11-25 15:10:39] INFO: Message validated successfully - CRC check passed
[2025-11-25 15:10:39] INFO: Successfully parsed message data
[2025-11-25 15:10:39] INFO: Data published successfully to MQTT
[2025-11-25 15:10:49] INFO: Message validated successfully - CRC check passed
[2025-11-25 15:10:49] INFO: Successfully parsed message data
[2025-11-25 15:10:49] INFO: Data published successfully to MQTT
[2025-11-25 15:10:59] INFO: Message validated successfully - CRC check passed
[2025-11-25 15:10:59] INFO: Successfully parsed message data
[2025-11-25 15:10:59] INFO: Data published successfully to MQTT
[2025-11-25 15:11:09] INFO: Message validated successfully - CRC check passed
[2025-11-25 15:11:09] INFO: Successfully parsed message data
[2025-11-25 15:11:10] INFO: Data published successfully to MQTT
[2025-11-25 15:11:19] INFO: Message validated successfully - CRC check passed
[2025-11-25 15:11:19] INFO: Successfully parsed message data
[2025-11-25 15:11:19] INFO: Data published successfully to MQTT
[2025-11-25 15:11:29] INFO: Message validated successfully - CRC check passed
[2025-11-25 15:11:29] INFO: Successfully parsed message data
[2025-11-25 15:11:29] INFO: Data published successfully to MQTT
[2025-11-25 15:11:39] INFO: Message validated successfully - CRC check passed
[2025-11-25 15:11:39] INFO: Successfully parsed message data
[2025-11-25 15:11:40] INFO: Data published successfully to MQTT
[2025-11-25 15:11:49] INFO: Message validated successfully - CRC check passed
[2025-11-25 15:11:49] INFO: Successfully parsed message data
[2025-11-25 15:11:49] INFO: Data published successfully to MQTT
[2025-11-25 15:11:59] INFO: Message validated successfully - CRC check passed
[2025-11-25 15:11:59] INFO: Successfully parsed message data
[2025-11-25 15:11:59] INFO: Data published successfully to MQTT
[2025-11-25 15:12:09] INFO: Message validated successfully - CRC check passed
[2025-11-25 15:12:09] INFO: Successfully parsed message data
[2025-11-25 15:12:10] INFO: Data published successfully to MQTT
[2025-11-25 15:12:19] INFO: Message validated successfully - CRC check passed
[2025-11-25 15:12:19] INFO: Successfully parsed message data
[2025-11-25 15:12:19] INFO: Data published successfully to MQTT
[2025-11-25 15:12:29] INFO: Message validated successfully - CRC check passed
[2025-11-25 15:12:29] INFO: Successfully parsed message data
[2025-11-25 15:12:29] INFO: Data published successfully to MQTT
[2025-11-25 15:12:39] INFO: Message validated successfully - CRC check passed
[2025-11-25 15:12:39] INFO: Successfully parsed message data
[2025-11-25 15:12:40] INFO: Data published successfully to MQTT
[2025-11-25 15:12:49] INFO: Message validated successfully - CRC check passed
[2025-11-25 15:12:49] INFO: Successfully parsed message data
[2025-11-25 15:12:49] INFO: Data published successfully to MQTT
[2025-11-25 15:12:59] INFO: Message validated successfully - CRC check passed
[2025-11-25 15:12:59] INFO: Successfully parsed message data
[2025-11-25 15:12:59] INFO: Data published successfully to MQTT
[2025-11-25 15:13:09] INFO: Message validated successfully - CRC check passed
[2025-11-25 15:13:09] INFO: Successfully parsed message data
[2025-11-25 15:13:10] INFO: Data published successfully to MQTT
[2025-11-25 15:13:19] INFO: Message validated successfully - CRC check passed
[2025-11-25 15:13:19] INFO: Successfully parsed message data
[2025-11-25 15:13:19] INFO: Data published successfully to MQTT
[2025-11-25 15:13:29] INFO: Message validated successfully - CRC check passed
[2025-11-25 15:13:29] INFO: Successfully parsed message data
[2025-11-25 15:13:29] INFO: Data published successfully to MQTT
[2025-11-25 15:13:39] INFO: Message validated successfully - CRC check passed
[2025-11-25 15:13:39] INFO: Successfully parsed message data
[2025-11-25 15:13:39] INFO: Data published successfully to MQTT
[2025-11-25 15:13:49] INFO: Message validated successfully - CRC check passed
[2025-11-25 15:13:49] INFO: Successfully parsed message data
[2025-11-25 15:13:50] INFO: Data published successfully to MQTT
[2025-11-25 15:13:59] INFO: Message validated successfully - CRC check passed
[2025-11-25 15:13:59] INFO: Successfully parsed message data
[2025-11-25 15:14:00] INFO: Data published successfully to MQTT
[2025-11-25 15:14:09] INFO: Message validated successfully - CRC check passed
[2025-11-25 15:14:09] INFO: Successfully parsed message data
[2025-11-25 15:14:10] INFO: Data published successfully to MQTT
[2025-11-25 15:14:19] INFO: Message validated successfully - CRC check passed
[2025-11-25 15:14:19] INFO: Successfully parsed message data
[2025-11-25 15:14:19] INFO: Data published successfully to MQTT
[2025-11-25 15:14:29] INFO: Message validated successfully - CRC check passed
[2025-11-25 15:14:29] INFO: Successfully parsed message data
[2025-11-25 15:14:30] INFO: Data published successfully to MQTT
[2025-11-25 15:14:39] INFO: Message validated successfully - CRC check passed
[2025-11-25 15:14:39] INFO: Successfully parsed message data
[2025-11-25 15:14:39] INFO: Data published successfully to MQTT
[2025-11-25 15:14:49] INFO: Message validated successfully - CRC check passed
[2025-11-25 15:14:49] INFO: Successfully parsed message data
[2025-11-25 15:14:49] INFO: Data published successfully to MQTT
[2025-11-25 15:14:59] INFO: Message validated successfully - CRC check passed
[2025-11-25 15:14:59] INFO: Successfully parsed message data
[2025-11-25 15:14:59] INFO: Data published successfully to MQTT
[2025-11-25 15:15:09] INFO: Message validated successfully - CRC check passed
[2025-11-25 15:15:09] INFO: Successfully parsed message data
[2025-11-25 15:15:10] INFO: Data published successfully to MQTT
[2025-11-25 15:15:19] INFO: Message validated successfully - CRC check passed
[2025-11-25 15:15:19] INFO: Successfully parsed message data
[2025-11-25 15:15:19] INFO: Data published successfully to MQTT
[2025-11-25 15:15:29] INFO: Message validated successfully - CRC check passed
[2025-11-25 15:15:29] INFO: Successfully parsed message data
[2025-11-25 15:15:30] INFO: Data published successfully to MQTT
[2025-11-25 15:15:39] INFO: Message validated successfully - CRC check passed
[2025-11-25 15:15:39] INFO: Successfully parsed message data
[2025-11-25 15:15:39] INFO: Data published successfully to MQTT
